<?xml version="1.0" encoding="UTF-8"?>
<!-- Generated by org.testng.reporters.JUnitXMLReporter -->
<testsuite ignored="0" hostname="Admin" failures="1" tests="2" name="Run on FIREFOX" time="28.131" errors="0" timestamp="10 Oct 2021 15:13:02 GMT">
  <testcase classname="com.hrm.employee.liveCoding" name="TC_01_Register" time="7.639"/>
  <testcase classname="com.hrm.employee.liveCoding" name="TC_02_Upload_Avatar" time="6.784">
    <failure type="java.lang.NumberFormatException" message="null">
      <![CDATA[java.lang.NumberFormatException: null
at java.base/java.lang.Integer.parseInt(Integer.java:622)
at java.base/java.lang.Integer.parseInt(Integer.java:778)
at pageObject.hrm.PersonalDetailsPO.isNewAvatarImageDisplayed(PersonalDetailsPO.java:33)
at com.hrm.employee.liveCoding.TC_02_Upload_Avatar(liveCoding.java:134)
at java.base/java.util.concurrent.FutureTask.run(FutureTask.java:264)
at java.base/java.util.concurrent.ThreadPoolExecutor.runWorker(ThreadPoolExecutor.java:1130)
at java.base/java.util.concurrent.ThreadPoolExecutor$Worker.run(ThreadPoolExecutor.java:630)
at java.base/java.lang.Thread.run(Thread.java:831)
... Removed 16 stack frames]]>
    </failure>
  </testcase> <!-- TC_02_Upload_Avatar -->
</testsuite> <!-- Run on FIREFOX -->
