<?xml version="1.0" encoding="UTF-8"?>
<testsuite name="Run on CHROME"
           tests="8"
           failures="0"
           errors="0"
           skipped="0"
           time="46.618">
  <properties />
  
  
            <testcase name="TC_05_Tranfer_Money_Into_A_Current_Account" time="4.875" classname="com.bankguru.livecodingproject.paymentTestCase" />
                <testcase name="TC_08_Check_Current_Account_Balance_Equal_3000" time="4.306" classname="com.bankguru.livecodingproject.paymentTestCase" />
                <testcase name="TC_07_Transfer_The_Money_Into_Another_Account" time="5.299" classname="com.bankguru.livecodingproject.paymentTestCase" />
                <testcase name="TC_03_Add_New_Account" time="5.060" classname="com.bankguru.livecodingproject.paymentTestCase" />
                <testcase name="TC_01_Create_New_Customer_And_Checked_Created_Succesfully" time="9.457" classname="com.bankguru.livecodingproject.paymentTestCase" />
                <testcase name="TC_04_Edit_Account" time="7.211" classname="com.bankguru.livecodingproject.paymentTestCase" />
                <testcase name="TC_02_Edit_Customer_Account_And_Check_Edit_Succesfully" time="6.206" classname="com.bankguru.livecodingproject.paymentTestCase" />
                <testcase name="TC_06_WithDraw_Money_From_Current_Account" time="4.204" classname="com.bankguru.livecodingproject.paymentTestCase" />
      
</testsuite>
