<?xml version="1.0" encoding="UTF-8"?>
<testng-results ignored="0" total="11" passed="9" failed="2" skipped="0">
  <reporter-output>
    <line>
      <![CDATA[<br><a target="_blank" href="file:///C:\Users\Admin\git\Automation-framework/screenshotReportNG/TC_10_Delete_All_Account_28_11_2021_03_02_59.png"><img src="file:///C:\Users\Admin\git\Automation-framework/screenshotReportNG/TC_10_Delete_All_Account_28_11_2021_03_02_59.png" height='100' width='150'/> </a></br>]]>
    </line>
    <line>
      <![CDATA[<br><a target="_blank" href="file:///C:\Users\Admin\git\Automation-framework/screenshotReportNG/TC_11_Delete_Exist_Customer_Account_28_11_2021_03_03_02.png"><img src="file:///C:\Users\Admin\git\Automation-framework/screenshotReportNG/TC_11_Delete_Exist_Customer_Account_28_11_2021_03_03_02.png" height='100' width='150'/> </a></br>]]>
    </line>
  </reporter-output>
  <suite started-at="2021-11-28T08:01:57Z" name="UploadFile" finished-at="2021-11-28T08:03:03Z" duration-ms="65859">
    <groups>
    </groups>
    <test started-at="2021-11-28T08:01:57Z" name="Run on CHROME" finished-at="2021-11-28T08:03:03Z" duration-ms="65859">
      <class name="com.bankguru.livecodingproject.paymentTestCase">
        <test-method is-config="true" signature="deleteAllFilesInReportNGScreenshot()[pri:0, instance:com.bankguru.livecodingproject.paymentTestCase@660acfb]" started-at="2021-11-28T08:01:57Z" name="deleteAllFilesInReportNGScreenshot" finished-at="2021-11-28T08:01:57Z" duration-ms="8" status="PASS">
          <reporter-output>
          </reporter-output>
        </test-method> <!-- deleteAllFilesInReportNGScreenshot -->
        <test-method is-config="true" signature="beforeClass(java.lang.String, java.lang.String)[pri:0, instance:com.bankguru.livecodingproject.paymentTestCase@660acfb]" started-at="2021-11-28T08:01:57Z" name="beforeClass" finished-at="2021-11-28T08:02:02Z" duration-ms="5535" status="PASS">
          <params>
            <param index="0">
              <value>
                <![CDATA[firefox]]>
              </value>
            </param>
            <param index="1">
              <value>
                <![CDATA[http://demo.guru99.com/V4/]]>
              </value>
            </param>
          </params>
          <reporter-output>
          </reporter-output>
        </test-method> <!-- beforeClass -->
        <test-method signature="TC_01_Create_New_Other_User()[pri:0, instance:com.bankguru.livecodingproject.paymentTestCase@660acfb]" started-at="2021-11-28T08:02:02Z" name="TC_01_Create_New_Other_User" finished-at="2021-11-28T08:02:11Z" duration-ms="8953" status="PASS">
          <reporter-output>
          </reporter-output>
        </test-method> <!-- TC_01_Create_New_Other_User -->
        <test-method signature="TC_02_Create_New_Customer_And_Checked_Created_Succesfully()[pri:0, instance:com.bankguru.livecodingproject.paymentTestCase@660acfb]" started-at="2021-11-28T08:02:11Z" name="TC_02_Create_New_Customer_And_Checked_Created_Succesfully" finished-at="2021-11-28T08:02:18Z" duration-ms="6781" status="PASS">
          <reporter-output>
          </reporter-output>
        </test-method> <!-- TC_02_Create_New_Customer_And_Checked_Created_Succesfully -->
        <test-method signature="TC_03_Edit_Customer_Account_And_Check_Edit_Succesfully()[pri:0, instance:com.bankguru.livecodingproject.paymentTestCase@660acfb]" started-at="2021-11-28T08:02:18Z" name="TC_03_Edit_Customer_Account_And_Check_Edit_Succesfully" finished-at="2021-11-28T08:02:23Z" duration-ms="4954" status="PASS">
          <reporter-output>
          </reporter-output>
        </test-method> <!-- TC_03_Edit_Customer_Account_And_Check_Edit_Succesfully -->
        <test-method signature="TC_04_Add_New_Account()[pri:0, instance:com.bankguru.livecodingproject.paymentTestCase@660acfb]" started-at="2021-11-28T08:02:23Z" name="TC_04_Add_New_Account" finished-at="2021-11-28T08:02:26Z" duration-ms="3336" status="PASS">
          <reporter-output>
          </reporter-output>
        </test-method> <!-- TC_04_Add_New_Account -->
        <test-method signature="TC_05_Edit_Account()[pri:0, instance:com.bankguru.livecodingproject.paymentTestCase@660acfb]" started-at="2021-11-28T08:02:26Z" name="TC_05_Edit_Account" finished-at="2021-11-28T08:02:32Z" duration-ms="5266" status="PASS">
          <reporter-output>
          </reporter-output>
        </test-method> <!-- TC_05_Edit_Account -->
        <test-method signature="TC_06_Tranfer_Money_Into_A_Current_Account()[pri:0, instance:com.bankguru.livecodingproject.paymentTestCase@660acfb]" started-at="2021-11-28T08:02:32Z" name="TC_06_Tranfer_Money_Into_A_Current_Account" finished-at="2021-11-28T08:02:36Z" duration-ms="4037" status="PASS">
          <reporter-output>
          </reporter-output>
        </test-method> <!-- TC_06_Tranfer_Money_Into_A_Current_Account -->
        <test-method signature="TC_07_WithDraw_Money_From_Current_Account()[pri:0, instance:com.bankguru.livecodingproject.paymentTestCase@660acfb]" started-at="2021-11-28T08:02:36Z" name="TC_07_WithDraw_Money_From_Current_Account" finished-at="2021-11-28T08:02:40Z" duration-ms="4047" status="PASS">
          <reporter-output>
          </reporter-output>
        </test-method> <!-- TC_07_WithDraw_Money_From_Current_Account -->
        <test-method signature="TC_08_Transfer_The_Money_Into_Another_Account()[pri:0, instance:com.bankguru.livecodingproject.paymentTestCase@660acfb]" started-at="2021-11-28T08:02:40Z" name="TC_08_Transfer_The_Money_Into_Another_Account" finished-at="2021-11-28T08:02:44Z" duration-ms="4195" status="PASS">
          <reporter-output>
          </reporter-output>
        </test-method> <!-- TC_08_Transfer_The_Money_Into_Another_Account -->
        <test-method signature="TC_09_Check_Current_Account_Balance_Equal_3000()[pri:0, instance:com.bankguru.livecodingproject.paymentTestCase@660acfb]" started-at="2021-11-28T08:02:44Z" name="TC_09_Check_Current_Account_Balance_Equal_3000" finished-at="2021-11-28T08:02:48Z" duration-ms="4233" status="PASS">
          <reporter-output>
          </reporter-output>
        </test-method> <!-- TC_09_Check_Current_Account_Balance_Equal_3000 -->
        <test-method signature="TC_10_Delete_All_Account()[pri:0, instance:com.bankguru.livecodingproject.paymentTestCase@660acfb]" started-at="2021-11-28T08:02:48Z" name="TC_10_Delete_All_Account" finished-at="2021-11-28T08:02:59Z" duration-ms="10561" status="FAIL">
          <exception class="org.openqa.selenium.UnhandledAlertException">
            <message>
              <![CDATA[Dismissed user prompt dialog: Account does not exist: 
Build info: version: '3.141.59', revision: 'e82be7d358', time: '2018-11-14T08:25:53'
System info: host: 'ADMIN', ip: '192.168.0.105', os.name: 'Windows 10', os.arch: 'amd64', os.version: '10.0', java.version: '16.0.2'
Driver info: org.openqa.selenium.firefox.FirefoxDriver
Capabilities {acceptInsecureCerts: true, browserName: firefox, browserVersion: 93.0, javascriptEnabled: true, moz:accessibilityChecks: false, moz:buildID: 20210927210923, moz:geckodriverVersion: 0.29.1, moz:headless: false, moz:processID: 6464, moz:profile: C:\Users\Admin\AppData\Loca..., moz:shutdownTimeout: 60000, moz:useNonSpecCompliantPointerOrigin: false, moz:webdriverClick: true, pageLoadStrategy: normal, platform: WINDOWS, platformName: WINDOWS, platformVersion: 10.0, proxy: Proxy(), setWindowRect: true, strictFileInteractability: false, timeouts: {implicit: 0, pageLoad: 300000, script: 30000}, unhandledPromptBehavior: dismiss and notify}
Session ID: 2e6a4f97-accd-43cd-99e0-852f7ee47538]]>
            </message>
            <full-stacktrace>
              <![CDATA[org.openqa.selenium.UnhandledAlertException: Dismissed user prompt dialog: Account does not exist: 
Build info: version: '3.141.59', revision: 'e82be7d358', time: '2018-11-14T08:25:53'
System info: host: 'ADMIN', ip: '192.168.0.105', os.name: 'Windows 10', os.arch: 'amd64', os.version: '10.0', java.version: '16.0.2'
Driver info: org.openqa.selenium.firefox.FirefoxDriver
Capabilities {acceptInsecureCerts: true, browserName: firefox, browserVersion: 93.0, javascriptEnabled: true, moz:accessibilityChecks: false, moz:buildID: 20210927210923, moz:geckodriverVersion: 0.29.1, moz:headless: false, moz:processID: 6464, moz:profile: C:\Users\Admin\AppData\Loca..., moz:shutdownTimeout: 60000, moz:useNonSpecCompliantPointerOrigin: false, moz:webdriverClick: true, pageLoadStrategy: normal, platform: WINDOWS, platformName: WINDOWS, platformVersion: 10.0, proxy: Proxy(), setWindowRect: true, strictFileInteractability: false, timeouts: {implicit: 0, pageLoad: 300000, script: 30000}, unhandledPromptBehavior: dismiss and notify}
Session ID: 2e6a4f97-accd-43cd-99e0-852f7ee47538
at org.openqa.selenium.remote.http.W3CHttpResponseCodec.decode(W3CHttpResponseCodec.java:120)
at org.openqa.selenium.remote.http.W3CHttpResponseCodec.decode(W3CHttpResponseCodec.java:49)
at org.openqa.selenium.remote.HttpCommandExecutor.execute(HttpCommandExecutor.java:158)
at org.openqa.selenium.remote.service.DriverCommandExecutor.execute(DriverCommandExecutor.java:83)
at org.openqa.selenium.remote.RemoteWebDriver.execute(RemoteWebDriver.java:552)
at org.openqa.selenium.remote.RemoteWebDriver.execute(RemoteWebDriver.java:609)
at org.openqa.selenium.remote.RemoteWebDriver$RemoteNavigation.refresh(RemoteWebDriver.java:865)
at pageObjects.bankguru.DeleteAccountPO.refreshPage(DeleteAccountPO.java:65)
at com.bankguru.livecodingproject.paymentTestCase.TC_10_Delete_All_Account(paymentTestCase.java:658)
at java.base/jdk.internal.reflect.NativeMethodAccessorImpl.invoke0(Native Method)
at java.base/jdk.internal.reflect.NativeMethodAccessorImpl.invoke(NativeMethodAccessorImpl.java:78)
at java.base/jdk.internal.reflect.DelegatingMethodAccessorImpl.invoke(DelegatingMethodAccessorImpl.java:43)
at java.base/java.lang.reflect.Method.invoke(Method.java:567)
at org.testng.internal.MethodInvocationHelper.invokeMethod(MethodInvocationHelper.java:124)
at org.testng.internal.Invoker.invokeMethod(Invoker.java:583)
at org.testng.internal.Invoker.invokeTestMethod(Invoker.java:719)
at org.testng.internal.Invoker.invokeTestMethods(Invoker.java:989)
at org.testng.internal.TestMethodWorker.invokeTestMethods(TestMethodWorker.java:125)
at org.testng.internal.TestMethodWorker.run(TestMethodWorker.java:109)
at org.testng.TestRunner.privateRun(TestRunner.java:648)
at org.testng.TestRunner.run(TestRunner.java:505)
at org.testng.SuiteRunner.runTest(SuiteRunner.java:455)
at org.testng.SuiteRunner.access$000(SuiteRunner.java:40)
at org.testng.SuiteRunner$SuiteWorker.run(SuiteRunner.java:489)
at org.testng.internal.thread.ThreadUtil$1.call(ThreadUtil.java:52)
at java.base/java.util.concurrent.FutureTask.run(FutureTask.java:264)
at java.base/java.util.concurrent.ThreadPoolExecutor.runWorker(ThreadPoolExecutor.java:1130)
at java.base/java.util.concurrent.ThreadPoolExecutor$Worker.run(ThreadPoolExecutor.java:630)
at java.base/java.lang.Thread.run(Thread.java:831)
]]>
            </full-stacktrace>
          </exception> <!-- org.openqa.selenium.UnhandledAlertException -->
          <reporter-output>
            <line>
              <![CDATA[<br><a target="_blank" href="file:///C:\Users\Admin\git\Automation-framework/screenshotReportNG/TC_10_Delete_All_Account_28_11_2021_03_02_59.png"><img src="file:///C:\Users\Admin\git\Automation-framework/screenshotReportNG/TC_10_Delete_All_Account_28_11_2021_03_02_59.png" height='100' width='150'/> </a></br>]]>
            </line>
          </reporter-output>
        </test-method> <!-- TC_10_Delete_All_Account -->
        <test-method signature="TC_11_Delete_Exist_Customer_Account()[pri:0, instance:com.bankguru.livecodingproject.paymentTestCase@660acfb]" started-at="2021-11-28T08:02:59Z" name="TC_11_Delete_Exist_Customer_Account" finished-at="2021-11-28T08:03:02Z" duration-ms="2968" status="FAIL">
          <exception class="org.openqa.selenium.NoAlertPresentException">
            <message>
              <![CDATA[
Build info: version: '3.141.59', revision: 'e82be7d358', time: '2018-11-14T08:25:53'
System info: host: 'ADMIN', ip: '192.168.0.105', os.name: 'Windows 10', os.arch: 'amd64', os.version: '10.0', java.version: '16.0.2'
Driver info: org.openqa.selenium.firefox.FirefoxDriver
Capabilities {acceptInsecureCerts: true, browserName: firefox, browserVersion: 93.0, javascriptEnabled: true, moz:accessibilityChecks: false, moz:buildID: 20210927210923, moz:geckodriverVersion: 0.29.1, moz:headless: false, moz:processID: 6464, moz:profile: C:\Users\Admin\AppData\Loca..., moz:shutdownTimeout: 60000, moz:useNonSpecCompliantPointerOrigin: false, moz:webdriverClick: true, pageLoadStrategy: normal, platform: WINDOWS, platformName: WINDOWS, platformVersion: 10.0, proxy: Proxy(), setWindowRect: true, strictFileInteractability: false, timeouts: {implicit: 0, pageLoad: 300000, script: 30000}, unhandledPromptBehavior: dismiss and notify}
Session ID: 2e6a4f97-accd-43cd-99e0-852f7ee47538]]>
            </message>
            <full-stacktrace>
              <![CDATA[org.openqa.selenium.NoAlertPresentException: 
Build info: version: '3.141.59', revision: 'e82be7d358', time: '2018-11-14T08:25:53'
System info: host: 'ADMIN', ip: '192.168.0.105', os.name: 'Windows 10', os.arch: 'amd64', os.version: '10.0', java.version: '16.0.2'
Driver info: org.openqa.selenium.firefox.FirefoxDriver
Capabilities {acceptInsecureCerts: true, browserName: firefox, browserVersion: 93.0, javascriptEnabled: true, moz:accessibilityChecks: false, moz:buildID: 20210927210923, moz:geckodriverVersion: 0.29.1, moz:headless: false, moz:processID: 6464, moz:profile: C:\Users\Admin\AppData\Loca..., moz:shutdownTimeout: 60000, moz:useNonSpecCompliantPointerOrigin: false, moz:webdriverClick: true, pageLoadStrategy: normal, platform: WINDOWS, platformName: WINDOWS, platformVersion: 10.0, proxy: Proxy(), setWindowRect: true, strictFileInteractability: false, timeouts: {implicit: 0, pageLoad: 300000, script: 30000}, unhandledPromptBehavior: dismiss and notify}
Session ID: 2e6a4f97-accd-43cd-99e0-852f7ee47538
at java.base/jdk.internal.reflect.NativeConstructorAccessorImpl.newInstance0(Native Method)
at java.base/jdk.internal.reflect.NativeConstructorAccessorImpl.newInstance(NativeConstructorAccessorImpl.java:78)
at java.base/jdk.internal.reflect.DelegatingConstructorAccessorImpl.newInstance(DelegatingConstructorAccessorImpl.java:45)
at java.base/java.lang.reflect.Constructor.newInstanceWithCaller(Constructor.java:499)
at java.base/java.lang.reflect.Constructor.newInstance(Constructor.java:480)
at org.openqa.selenium.remote.http.W3CHttpResponseCodec.createException(W3CHttpResponseCodec.java:187)
at org.openqa.selenium.remote.http.W3CHttpResponseCodec.decode(W3CHttpResponseCodec.java:122)
at org.openqa.selenium.remote.http.W3CHttpResponseCodec.decode(W3CHttpResponseCodec.java:49)
at org.openqa.selenium.remote.HttpCommandExecutor.execute(HttpCommandExecutor.java:158)
at org.openqa.selenium.remote.service.DriverCommandExecutor.execute(DriverCommandExecutor.java:83)
at org.openqa.selenium.remote.RemoteWebDriver.execute(RemoteWebDriver.java:552)
at org.openqa.selenium.remote.RemoteWebDriver.execute(RemoteWebDriver.java:609)
at org.openqa.selenium.remote.RemoteWebDriver$RemoteTargetLocator.alert(RemoteWebDriver.java:932)
at pageObjects.bankguru.DeleteCustomerPO.verifyCustomerDeleteSuccessfully(DeleteCustomerPO.java:40)
at com.bankguru.livecodingproject.paymentTestCase.TC_11_Delete_Exist_Customer_Account(paymentTestCase.java:693)
at java.base/jdk.internal.reflect.NativeMethodAccessorImpl.invoke0(Native Method)
at java.base/jdk.internal.reflect.NativeMethodAccessorImpl.invoke(NativeMethodAccessorImpl.java:78)
at java.base/jdk.internal.reflect.DelegatingMethodAccessorImpl.invoke(DelegatingMethodAccessorImpl.java:43)
at java.base/java.lang.reflect.Method.invoke(Method.java:567)
at org.testng.internal.MethodInvocationHelper.invokeMethod(MethodInvocationHelper.java:124)
at org.testng.internal.Invoker.invokeMethod(Invoker.java:583)
at org.testng.internal.Invoker.invokeTestMethod(Invoker.java:719)
at org.testng.internal.Invoker.invokeTestMethods(Invoker.java:989)
at org.testng.internal.TestMethodWorker.invokeTestMethods(TestMethodWorker.java:125)
at org.testng.internal.TestMethodWorker.run(TestMethodWorker.java:109)
at org.testng.TestRunner.privateRun(TestRunner.java:648)
at org.testng.TestRunner.run(TestRunner.java:505)
at org.testng.SuiteRunner.runTest(SuiteRunner.java:455)
at org.testng.SuiteRunner.access$000(SuiteRunner.java:40)
at org.testng.SuiteRunner$SuiteWorker.run(SuiteRunner.java:489)
at org.testng.internal.thread.ThreadUtil$1.call(ThreadUtil.java:52)
at java.base/java.util.concurrent.FutureTask.run(FutureTask.java:264)
at java.base/java.util.concurrent.ThreadPoolExecutor.runWorker(ThreadPoolExecutor.java:1130)
at java.base/java.util.concurrent.ThreadPoolExecutor$Worker.run(ThreadPoolExecutor.java:630)
at java.base/java.lang.Thread.run(Thread.java:831)
]]>
            </full-stacktrace>
          </exception> <!-- org.openqa.selenium.NoAlertPresentException -->
          <reporter-output>
            <line>
              <![CDATA[<br><a target="_blank" href="file:///C:\Users\Admin\git\Automation-framework/screenshotReportNG/TC_11_Delete_Exist_Customer_Account_28_11_2021_03_03_02.png"><img src="file:///C:\Users\Admin\git\Automation-framework/screenshotReportNG/TC_11_Delete_Exist_Customer_Account_28_11_2021_03_03_02.png" height='100' width='150'/> </a></br>]]>
            </line>
          </reporter-output>
        </test-method> <!-- TC_11_Delete_Exist_Customer_Account -->
        <test-method is-config="true" signature="cleanBrowser(java.lang.String)[pri:0, instance:com.bankguru.livecodingproject.paymentTestCase@660acfb]" started-at="2021-11-28T08:03:02Z" name="cleanBrowser" finished-at="2021-11-28T08:03:03Z" duration-ms="800" status="PASS">
          <params>
            <param index="0">
              <value>
                <![CDATA[firefox]]>
              </value>
            </param>
          </params>
          <reporter-output>
          </reporter-output>
        </test-method> <!-- cleanBrowser -->
      </class> <!-- com.bankguru.livecodingproject.paymentTestCase -->
    </test> <!-- Run on CHROME -->
  </suite> <!-- UploadFile -->
</testng-results>
